<?xml version="1.0" encoding="UTF-8"?>
<testsuite xmlns:xsi="http://www.w3.org/2001/XMLSchema-instance" xsi:noNamespaceSchemaLocation="https://maven.apache.org/surefire/maven-surefire-plugin/xsd/surefire-test-report-3.0.xsd" version="3.0" name="dev.abraham.product_service.ProductServiceApplicationTests" time="292.981" tests="1" errors="1" skipped="0" failures="0">
  <properties>
[...]
</properties>
  <testcase name="" classname="dev.abraham.product_service.ProductServiceApplicationTests" time="292.981">
    <error message="Can&apos;t get Docker image: RemoteDockerImage(imageName=testcontainers/ryuk:0.8.1, imagePullPolicy=DefaultPullPolicy(), imageNameSubstitutor=org.testcontainers.utility.ImageNameSubstitutor$LogWrappedImageNameSubstitutor@342726f1)" type="org.testcontainers.containers.ContainerFetchException"><![CDATA[org.testcontainers.containers.ContainerFetchException: Can't get Docker image: RemoteDockerImage(imageName=testcontainers/ryuk:0.8.1, imagePullPolicy=DefaultPullPolicy(), imageNameSubstitutor=org.testcontainers.utility.ImageNameSubstitutor$LogWrappedImageNameSubstitutor@342726f1)
	at org.testcontainers.containers.GenericContainer.getDockerImageName(GenericContainer.java:1364)
	at org.testcontainers.containers.GenericContainer.doStart(GenericContainer.java:359)
	at org.testcontainers.containers.GenericContainer.start(GenericContainer.java:330)
	at org.testcontainers.utility.RyukResourceReaper.maybeStart(RyukResourceReaper.java:78)
	at org.testcontainers.utility.RyukResourceReaper.init(RyukResourceReaper.java:42)
	at org.testcontainers.DockerClientFactory.client(DockerClientFactory.java:232)
	at org.testcontainers.DockerClientFactory$1.getDockerClient(DockerClientFactory.java:106)
	at com.github.dockerjava.api.DockerClientDelegate.authConfig(DockerClientDelegate.java:109)
	at org.testcontainers.containers.GenericContainer.start(GenericContainer.java:329)
	at org.testcontainers.junit.jupiter.TestcontainersExtension$StoreAdapter.start(TestcontainersExtension.java:276)
	at org.testcontainers.junit.jupiter.TestcontainersExtension$StoreAdapter.access$200(TestcontainersExtension.java:263)
	at org.testcontainers.junit.jupiter.TestcontainersExtension.lambda$null$4(TestcontainersExtension.java:83)
	at org.testcontainers.junit.jupiter.TestcontainersExtension.lambda$startContainers$5(TestcontainersExtension.java:83)
	at java.base/java.util.ArrayList.forEach(ArrayList.java:1511)
	at org.testcontainers.junit.jupiter.TestcontainersExtension.startContainers(TestcontainersExtension.java:83)
	at org.testcontainers.junit.jupiter.TestcontainersExtension.beforeAll(TestcontainersExtension.java:57)
	at java.base/java.util.ArrayList.forEach(ArrayList.java:1511)
Caused by: org.testcontainers.shaded.org.awaitility.core.ConditionTimeoutException: Condition with org.testcontainers.images.RemoteDockerImage was not fulfilled within 2 minutes.
	at org.testcontainers.shaded.org.awaitility.core.ConditionAwaiter.await(ConditionAwaiter.java:167)
	at org.testcontainers.shaded.org.awaitility.core.CallableCondition.await(CallableCondition.java:78)
	at org.testcontainers.shaded.org.awaitility.core.CallableCondition.await(CallableCondition.java:26)
	at org.testcontainers.shaded.org.awaitility.core.ConditionFactory.until(ConditionFactory.java:985)
	at org.testcontainers.shaded.org.awaitility.core.ConditionFactory.until(ConditionFactory.java:954)
	at org.testcontainers.images.RemoteDockerImage.resolve(RemoteDockerImage.java:105)
	at org.testcontainers.images.RemoteDockerImage.resolve(RemoteDockerImage.java:33)
	at org.testcontainers.utility.LazyFuture.getResolvedValue(LazyFuture.java:20)
	at org.testcontainers.utility.LazyFuture.get(LazyFuture.java:41)
	at org.testcontainers.containers.GenericContainer.getDockerImageName(GenericContainer.java:1362)
	... 16 more
]]></error>
    <system-out><![CDATA[12:25:03.832 [main] INFO org.springframework.test.context.support.AnnotationConfigContextLoaderUtils -- Could not detect default configuration classes for test class [dev.abraham.product_service.ProductServiceApplicationTests]: ProductServiceApplicationTests does not declare any static, non-private, non-final, nested classes annotated with @Configuration.
12:25:03.965 [main] INFO org.springframework.boot.test.context.SpringBootTestContextBootstrapper -- Found @SpringBootConfiguration dev.abraham.product_service.ProductServiceApplication for test class dev.abraham.product_service.ProductServiceApplicationTests
12:25:04.071 [main] INFO org.testcontainers.images.PullPolicy -- Image pull policy will be performed by: DefaultPullPolicy()
12:25:04.075 [main] INFO org.testcontainers.utility.ImageNameSubstitutor -- Image name substitution will be performed by: DefaultImageNameSubstitutor (composite of 'ConfigurationFileImageNameSubstitutor' and 'PrefixingImageNameSubstitutor')
12:25:04.115 [main] INFO org.testcontainers.DockerClientFactory -- Testcontainers version: 1.20.1
12:25:04.258 [main] INFO org.testcontainers.dockerclient.DockerClientProviderStrategy -- Loaded org.testcontainers.dockerclient.NpipeSocketClientProviderStrategy from ~/.testcontainers.properties, will try it first
12:25:04.497 [main] INFO org.testcontainers.dockerclient.DockerClientProviderStrategy -- Found Docker environment with local Npipe socket (npipe:////./pipe/docker_engine)
12:25:04.498 [main] INFO org.testcontainers.DockerClientFactory -- Docker host IP address is localhost
12:25:04.518 [main] INFO org.testcontainers.DockerClientFactory -- Connected to docker: 
  Server Version: 27.0.3
  API Version: 1.46
  Operating System: Docker Desktop
  Total Memory: 7775 MB
12:25:04.549 [main] INFO tc.testcontainers/ryuk:0.8.1 -- Pulling docker image: testcontainers/ryuk:0.8.1. Please be patient; this may take some time but only needs to be done once.
12:25:04.682 [main] INFO org.testcontainers.utility.RegistryAuthLocator -- Credential helper/store (docker-credential-desktop) does not have credentials for https://index.docker.io/v1/
12:25:19.742 [docker-java-stream-1657194725] ERROR com.github.dockerjava.api.async.ResultCallbackTemplate -- Error during callback
com.github.dockerjava.api.exception.InternalServerErrorException: Status 500: {"message":"Get \"https://registry-1.docker.io/v2/\": context deadline exceeded"}

	at org.testcontainers.shaded.com.github.dockerjava.core.DefaultInvocationBuilder.execute(DefaultInvocationBuilder.java:247)
	at org.testcontainers.shaded.com.github.dockerjava.core.DefaultInvocationBuilder.lambda$executeAndStream$1(DefaultInvocationBuilder.java:269)
	at java.base/java.lang.Thread.run(Thread.java:840)
12:25:19.744 [main] WARN tc.testcontainers/ryuk:0.8.1 -- Retrying pull for image: testcontainers/ryuk:0.8.1 (104s remaining)
12:25:34.888 [docker-java-stream-1657194725] ERROR com.github.dockerjava.api.async.ResultCallbackTemplate -- Error during callback
com.github.dockerjava.api.exception.InternalServerErrorException: Status 500: {"message":"Get \"https://registry-1.docker.io/v2/\": context deadline exceeded"}

	at org.testcontainers.shaded.com.github.dockerjava.core.DefaultInvocationBuilder.execute(DefaultInvocationBuilder.java:247)
	at org.testcontainers.shaded.com.github.dockerjava.core.DefaultInvocationBuilder.lambda$executeAndStream$1(DefaultInvocationBuilder.java:269)
	at java.base/java.lang.Thread.run(Thread.java:840)
12:25:34.889 [main] WARN tc.testcontainers/ryuk:0.8.1 -- Retrying pull for image: testcontainers/ryuk:0.8.1 (89s remaining)
12:25:50.127 [docker-java-stream-1657194725] ERROR com.github.dockerjava.api.async.ResultCallbackTemplate -- Error during callback
com.github.dockerjava.api.exception.InternalServerErrorException: Status 500: {"message":"Get \"https://registry-1.docker.io/v2/\": context deadline exceeded"}

	at org.testcontainers.shaded.com.github.dockerjava.core.DefaultInvocationBuilder.execute(DefaultInvocationBuilder.java:247)
	at org.testcontainers.shaded.com.github.dockerjava.core.DefaultInvocationBuilder.lambda$executeAndStream$1(DefaultInvocationBuilder.java:269)
	at java.base/java.lang.Thread.run(Thread.java:840)
12:25:50.128 [main] WARN tc.testcontainers/ryuk:0.8.1 -- Retrying pull for image: testcontainers/ryuk:0.8.1 (74s remaining)
12:26:05.553 [docker-java-stream-1657194725] ERROR com.github.dockerjava.api.async.ResultCallbackTemplate -- Error during callback
com.github.dockerjava.api.exception.InternalServerErrorException: Status 500: {"message":"Get \"https://registry-1.docker.io/v2/\": context deadline exceeded"}

	at org.testcontainers.shaded.com.github.dockerjava.core.DefaultInvocationBuilder.execute(DefaultInvocationBuilder.java:247)
	at org.testcontainers.shaded.com.github.dockerjava.core.DefaultInvocationBuilder.lambda$executeAndStream$1(DefaultInvocationBuilder.java:269)
	at java.base/java.lang.Thread.run(Thread.java:840)
12:26:05.554 [main] WARN tc.testcontainers/ryuk:0.8.1 -- Retrying pull for image: testcontainers/ryuk:0.8.1 (58s remaining)
12:26:21.412 [docker-java-stream-1657194725] ERROR com.github.dockerjava.api.async.ResultCallbackTemplate -- Error during callback
com.github.dockerjava.api.exception.InternalServerErrorException: Status 500: {"message":"Get \"https://registry-1.docker.io/v2/\": net/http: request canceled while waiting for connection (Client.Timeout exceeded while awaiting headers)"}

	at org.testcontainers.shaded.com.github.dockerjava.core.DefaultInvocationBuilder.execute(DefaultInvocationBuilder.java:247)
	at org.testcontainers.shaded.com.github.dockerjava.core.DefaultInvocationBuilder.lambda$executeAndStream$1(DefaultInvocationBuilder.java:269)
	at java.base/java.lang.Thread.run(Thread.java:840)
12:26:21.412 [main] WARN tc.testcontainers/ryuk:0.8.1 -- Retrying pull for image: testcontainers/ryuk:0.8.1 (43s remaining)
12:26:38.050 [docker-java-stream-1657194725] ERROR com.github.dockerjava.api.async.ResultCallbackTemplate -- Error during callback
com.github.dockerjava.api.exception.InternalServerErrorException: Status 500: {"message":"Get \"https://registry-1.docker.io/v2/\": net/http: request canceled while waiting for connection (Client.Timeout exceeded while awaiting headers)"}

	at org.testcontainers.shaded.com.github.dockerjava.core.DefaultInvocationBuilder.execute(DefaultInvocationBuilder.java:247)
	at org.testcontainers.shaded.com.github.dockerjava.core.DefaultInvocationBuilder.lambda$executeAndStream$1(DefaultInvocationBuilder.java:269)
	at java.base/java.lang.Thread.run(Thread.java:840)
12:26:38.050 [main] WARN tc.testcontainers/ryuk:0.8.1 -- Retrying pull for image: testcontainers/ryuk:0.8.1 (26s remaining)
12:26:56.299 [docker-java-stream-1657194725] ERROR com.github.dockerjava.api.async.ResultCallbackTemplate -- Error during callback
com.github.dockerjava.api.exception.InternalServerErrorException: Status 500: {"message":"Get \"https://registry-1.docker.io/v2/\": net/http: request canceled while waiting for connection (Client.Timeout exceeded while awaiting headers)"}

	at org.testcontainers.shaded.com.github.dockerjava.core.DefaultInvocationBuilder.execute(DefaultInvocationBuilder.java:247)
	at org.testcontainers.shaded.com.github.dockerjava.core.DefaultInvocationBuilder.lambda$executeAndStream$1(DefaultInvocationBuilder.java:269)
	at java.base/java.lang.Thread.run(Thread.java:840)
12:26:56.300 [main] WARN tc.testcontainers/ryuk:0.8.1 -- Retrying pull for image: testcontainers/ryuk:0.8.1 (8s remaining)
12:27:17.837 [docker-java-stream-1657194725] ERROR com.github.dockerjava.api.async.ResultCallbackTemplate -- Error during callback
com.github.dockerjava.api.exception.InternalServerErrorException: Status 500: {"message":"Get \"https://registry-1.docker.io/v2/\": net/http: request canceled while waiting for connection (Client.Timeout exceeded while awaiting headers)"}

	at org.testcontainers.shaded.com.github.dockerjava.core.DefaultInvocationBuilder.execute(DefaultInvocationBuilder.java:247)
	at org.testcontainers.shaded.com.github.dockerjava.core.DefaultInvocationBuilder.lambda$executeAndStream$1(DefaultInvocationBuilder.java:269)
	at java.base/java.lang.Thread.run(Thread.java:840)
12:27:17.838 [main] WARN tc.testcontainers/ryuk:0.8.1 -- Retrying pull for image: testcontainers/ryuk:0.8.1 (-14s remaining)
12:27:30.675 [main] INFO tc.testcontainers/ryuk:0.8.1 -- Pulling docker image: testcontainers/ryuk:0.8.1. Please be patient; this may take some time but only needs to be done once.
12:27:45.700 [docker-java-stream-1657194725] ERROR com.github.dockerjava.api.async.ResultCallbackTemplate -- Error during callback
com.github.dockerjava.api.exception.InternalServerErrorException: Status 500: {"message":"Get \"https://registry-1.docker.io/v2/\": context deadline exceeded"}

	at org.testcontainers.shaded.com.github.dockerjava.core.DefaultInvocationBuilder.execute(DefaultInvocationBuilder.java:247)
	at org.testcontainers.shaded.com.github.dockerjava.core.DefaultInvocationBuilder.lambda$executeAndStream$1(DefaultInvocationBuilder.java:269)
	at java.base/java.lang.Thread.run(Thread.java:840)
12:27:45.701 [main] WARN tc.testcontainers/ryuk:0.8.1 -- Retrying pull for image: testcontainers/ryuk:0.8.1 (104s remaining)
12:28:00.836 [docker-java-stream-1657194725] ERROR com.github.dockerjava.api.async.ResultCallbackTemplate -- Error during callback
com.github.dockerjava.api.exception.InternalServerErrorException: Status 500: {"message":"Get \"https://registry-1.docker.io/v2/\": context deadline exceeded"}

	at org.testcontainers.shaded.com.github.dockerjava.core.DefaultInvocationBuilder.execute(DefaultInvocationBuilder.java:247)
	at org.testcontainers.shaded.com.github.dockerjava.core.DefaultInvocationBuilder.lambda$executeAndStream$1(DefaultInvocationBuilder.java:269)
	at java.base/java.lang.Thread.run(Thread.java:840)
12:28:00.837 [main] WARN tc.testcontainers/ryuk:0.8.1 -- Retrying pull for image: testcontainers/ryuk:0.8.1 (89s remaining)
12:28:16.123 [docker-java-stream-1657194725] ERROR com.github.dockerjava.api.async.ResultCallbackTemplate -- Error during callback
com.github.dockerjava.api.exception.InternalServerErrorException: Status 500: {"message":"Get \"https://registry-1.docker.io/v2/\": net/http: request canceled while waiting for connection (Client.Timeout exceeded while awaiting headers)"}

	at org.testcontainers.shaded.com.github.dockerjava.core.DefaultInvocationBuilder.execute(DefaultInvocationBuilder.java:247)
	at org.testcontainers.shaded.com.github.dockerjava.core.DefaultInvocationBuilder.lambda$executeAndStream$1(DefaultInvocationBuilder.java:269)
	at java.base/java.lang.Thread.run(Thread.java:840)
12:28:16.124 [main] WARN tc.testcontainers/ryuk:0.8.1 -- Retrying pull for image: testcontainers/ryuk:0.8.1 (74s remaining)
12:28:31.621 [docker-java-stream-1657194725] ERROR com.github.dockerjava.api.async.ResultCallbackTemplate -- Error during callback
com.github.dockerjava.api.exception.InternalServerErrorException: Status 500: {"message":"Get \"https://registry-1.docker.io/v2/\": net/http: request canceled while waiting for connection (Client.Timeout exceeded while awaiting headers)"}

	at org.testcontainers.shaded.com.github.dockerjava.core.DefaultInvocationBuilder.execute(DefaultInvocationBuilder.java:247)
	at org.testcontainers.shaded.com.github.dockerjava.core.DefaultInvocationBuilder.lambda$executeAndStream$1(DefaultInvocationBuilder.java:269)
	at java.base/java.lang.Thread.run(Thread.java:840)
12:28:31.622 [main] WARN tc.testcontainers/ryuk:0.8.1 -- Retrying pull for image: testcontainers/ryuk:0.8.1 (59s remaining)
12:28:47.467 [docker-java-stream-1657194725] ERROR com.github.dockerjava.api.async.ResultCallbackTemplate -- Error during callback
com.github.dockerjava.api.exception.InternalServerErrorException: Status 500: {"message":"Get \"https://registry-1.docker.io/v2/\": net/http: request canceled while waiting for connection (Client.Timeout exceeded while awaiting headers)"}

	at org.testcontainers.shaded.com.github.dockerjava.core.DefaultInvocationBuilder.execute(DefaultInvocationBuilder.java:247)
	at org.testcontainers.shaded.com.github.dockerjava.core.DefaultInvocationBuilder.lambda$executeAndStream$1(DefaultInvocationBuilder.java:269)
	at java.base/java.lang.Thread.run(Thread.java:840)
12:28:47.469 [main] WARN tc.testcontainers/ryuk:0.8.1 -- Retrying pull for image: testcontainers/ryuk:0.8.1 (43s remaining)
12:29:04.111 [docker-java-stream-1657194725] ERROR com.github.dockerjava.api.async.ResultCallbackTemplate -- Error during callback
com.github.dockerjava.api.exception.InternalServerErrorException: Status 500: {"message":"Get \"https://registry-1.docker.io/v2/\": net/http: request canceled while waiting for connection (Client.Timeout exceeded while awaiting headers)"}

	at org.testcontainers.shaded.com.github.dockerjava.core.DefaultInvocationBuilder.execute(DefaultInvocationBuilder.java:247)
	at org.testcontainers.shaded.com.github.dockerjava.core.DefaultInvocationBuilder.lambda$executeAndStream$1(DefaultInvocationBuilder.java:269)
	at java.base/java.lang.Thread.run(Thread.java:840)
12:29:04.111 [main] WARN tc.testcontainers/ryuk:0.8.1 -- Retrying pull for image: testcontainers/ryuk:0.8.1 (26s remaining)
12:29:22.390 [docker-java-stream-1657194725] ERROR com.github.dockerjava.api.async.ResultCallbackTemplate -- Error during callback
com.github.dockerjava.api.exception.InternalServerErrorException: Status 500: {"message":"Get \"https://registry-1.docker.io/v2/\": net/http: request canceled while waiting for connection (Client.Timeout exceeded while awaiting headers)"}

	at org.testcontainers.shaded.com.github.dockerjava.core.DefaultInvocationBuilder.execute(DefaultInvocationBuilder.java:247)
	at org.testcontainers.shaded.com.github.dockerjava.core.DefaultInvocationBuilder.lambda$executeAndStream$1(DefaultInvocationBuilder.java:269)
	at java.base/java.lang.Thread.run(Thread.java:840)
12:29:22.391 [main] WARN tc.testcontainers/ryuk:0.8.1 -- Retrying pull for image: testcontainers/ryuk:0.8.1 (8s remaining)
12:29:43.836 [docker-java-stream-1657194725] ERROR com.github.dockerjava.api.async.ResultCallbackTemplate -- Error during callback
com.github.dockerjava.api.exception.InternalServerErrorException: Status 500: {"message":"Get \"https://registry-1.docker.io/v2/\": net/http: request canceled while waiting for connection (Client.Timeout exceeded while awaiting headers)"}

	at org.testcontainers.shaded.com.github.dockerjava.core.DefaultInvocationBuilder.execute(DefaultInvocationBuilder.java:247)
	at org.testcontainers.shaded.com.github.dockerjava.core.DefaultInvocationBuilder.lambda$executeAndStream$1(DefaultInvocationBuilder.java:269)
	at java.base/java.lang.Thread.run(Thread.java:840)
12:29:43.836 [main] WARN tc.testcontainers/ryuk:0.8.1 -- Retrying pull for image: testcontainers/ryuk:0.8.1 (-14s remaining)
]]></system-out>
  </testcase>
</testsuite>